source Code/main_vpn_ug/build/app/outputs/mapping/release/seeds.txt
com.mighty.vpn.DataBinderMapperImpl
com.mighty.vpn.MainActivity
com.mighty.vpn.MainActivity: MainActivity()
com.mighty.vpn.DataBinderMapperImpl: DataBinderMapperImpl()
...
com.google.android.gms.internal.ads.zzajk: int zzg
com.google.android.gms.internal.ads.zzgox: com.google.android.gms.internal.ads.zzgox zzb
androidx.window.R$styleable: int SplitPairFilter_secondaryActivityName
com.google.rpc.Status: com.google.rpc.Status DEFAULT_INSTANCE
io.flutter.plugin.platform.SingleViewPresentation: io.flutter.plugin.platform.AccessibilityEventsDelegate accessibilityEventsDelegate
com.google.android.gms.internal.ads.zzgfc: int zze
androidx.window.layout.ExtensionWindowLayoutInfoBackend$MulticastConsumer: java.util.Set registeredListeners
com.google.android.gms.internal.ads.zzbds: int zzg
com.google.android.gms.internal.ads.zzajp: long zzl
com.google.android.gms.internal.ads.zzzj: android.os.Parcelable$Creator CREATOR
io.flutter.embedding.engine.FlutterJNI: io.flutter.embedding.engine.FlutterJNI$AccessibilityDelegate accessibilityDelegate
com.google.firebase.firestore.proto.NoDocument: int NAME_FIELD_NUMBER
androidx.window.layout.FoldingFeature$OcclusionType: androidx.window.layout.FoldingFeature$OcclusionType FULL
com.google.firebase.Timestamp: android.os.Parcelable$Creator CREATOR
androidx.window.layout.ExtensionWindowLayoutInfoBackend: java.util.Map listenerToActivity
androidx.window.layout.WindowInfoTrackerImpl$windowLayoutInfo$1: androidx.window.layout.WindowInfoTrackerImpl this$0
com.google.android.gms.internal.ads.zzbed: com.google.android.gms.internal.ads.zzbed zzb
com.google.android.gms.internal.ads.zzajr: com.google.android.gms.internal.ads.zzgkq zzi
com.google.android.gms.internal.ads.zzaip: long zzl
androidx.window.layout.SidecarWindowBackend$WindowLayoutChangeCallbackWrapper: androidx.window.layout.WindowLayoutInfo lastInfo
com.google.android.gms.measurement.AppMeasurement$ConditionalUserProperty: java.lang.String mAppId
com.google.type.LatLng: com.google.type.LatLng DEFAULT_INSTANCE
com.google.firebase.firestore.proto.WriteBatch: com.google.protobuf.Internal$ProtobufList writes_
com.google.firebase.firestore.proto.Target: int LAST_LIMBO_FREE_SNAPSHOT_VERSION_FIELD_NUMBER
com.google.firestore.v1.ExistenceFilter: com.google.protobuf.Parser PARSER
com.google.android.gms.internal.ads.zzaix: java.lang.String zzg
androidx.window.embedding.SplitPlaceholderRule: android.content.Intent placeholderIntent
com.google.firestore.v1.StructuredQuery: int LIMIT_FIELD_NUMBER
com.google.android.gms.internal.measurement.zzgc: long zzW
com.google.firebase.firestore.proto.Target: com.google.protobuf.ByteString resumeToken_
com.google.android.gms.internal.measurement.zzgx: java.lang.String zzh
com.google.android.gms.internal.ads.zzajo: com.google.android.gms.internal.ads.zzajo zzb
com.google.android.gms.internal.ads.zzfni: com.google.android.gms.internal.ads.zzfne zzi
com.google.android.gms.internal.ads.zzbef: int zze
androidx.lifecycle.Lifecycle$Event: androidx.lifecycle.Lifecycle$Event ON_ANY
com.google.android.gms.internal.measurement.zzgc: java.lang.String zzS
com.google.android.gms.internal.measurement.zzga: com.google.android.gms.internal.measurement.zzkl zze
androidx.window.R$styleable: int SplitPairRule_splitRatio
com.google.android.gms.internal.ads.zzajm: long zzz
com.google.firestore.v1.StructuredQuery$UnaryFilter: int OP_FIELD_NUMBER
com.google.android.gms.internal.ads.zzgci: int zze
com.google.android.gms.internal.ads.zzfjj: long zzg
com.google.type.LatLng: int LONGITUDE_FIELD_NUMBER
com.google.android.gms.internal.measurement.zzfy: com.google.android.gms.internal.measurement.zzfy zza
com.google.android.gms.internal.ads.zzajp: long zzr
com.google.android.gms.internal.ads.zzbce: int zzk
androidx.window.layout.EmptyDecorator: androidx.window.layout.EmptyDecorator INSTANCE
com.google.android.gms.internal.measurement.zzgc: long zzo
com.google.firestore.v1.Target$DocumentsTarget: com.google.firestore.v1.Target$DocumentsTarget DEFAULT_INSTANCE
com.google.firestore.v1.StructuredQuery: int ORDER_BY_FIELD_NUMBER
com.google.firestore.v1.WriteResult: com.google.firestore.v1.WriteResult DEFAULT_INSTANCE