source Code/main_vpn_ug/build/app/outputs/mapping/release/usage.txt
com.mighty.vpn.BR
com.mighty.vpn.BuildConfig
com.mighty.vpn.DataBinderMapperImpl$InnerBrLookup
com.mighty.vpn.DataBinderMapperImpl$InnerLayoutIdLookup
com.mighty.vpn.DataBinderMapperImpl:
    public java.lang.String convertBrIdToString(int)
    public androidx.databinding.ViewDataBinding getDataBinder(androidx.databinding.DataBindingComponent,android.view.View,int)
    public androidx.databinding.ViewDataBinding getDataBinder(androidx.databinding.DataBindingComponent,android.view.View[],int)
    public int getLayoutId(java.lang.String)
com.mighty.vpn.DataBindingTriggerClass
com.mighty.vpn.MainActivity:
    public final io.flutter.plugin.common.MethodChannel$Result getMResult()
    public final void setMResult(io.flutter.plugin.common.MethodChannel$Result)
com.mighty.vpn.R$anim
com.mighty.vpn.R$animator
com.mighty.vpn.R$array
com.mighty.vpn.R$attr
com.mighty.vpn.R$bool
com.mighty.vpn.R$color
com.mighty.vpn.R$dimen
com.mighty.vpn.R$drawable
com.mighty.vpn.R$id
com.mighty.vpn.R$integer
com.mighty.vpn.R$interpolator
com.mighty.vpn.R$layout
com.mighty.vpn.R$mipmap
com.mighty.vpn.R$plurals
com.mighty.vpn.R$raw
com.mighty.vpn.R$string
com.mighty.vpn.R$style
com.mighty.vpn.R$styleable
com.mighty.vpn.R$xml
com.mighty.vpn.R
com.mighty.vpn.DataBinderMapperImpl:
    private static final android.util.SparseIntArray INTERNAL_LAYOUT_ID_LOOKUP
...
com.google.api.ResourceDescriptor$Builder
com.google.api.ResourceDescriptor$History$1
com.google.api.ResourceDescriptor$History$HistoryVerifier
com.google.api.ResourceDescriptor$History
com.google.api.ResourceDescriptor
com.google.api.ResourceDescriptorOrBuilder
com.google.api.ResourceProto
com.google.api.ResourceReference$1
com.google.api.ResourceReference$Builder
com.google.api.ResourceReference
com.google.api.ResourceReferenceOrBuilder
com.google.api.Service$1
com.google.api.Service$Builder
com.google.api.Service
com.google.api.ServiceOrBuilder
com.google.api.ServiceProto
com.google.api.SourceInfo$1
com.google.api.SourceInfo$Builder
com.google.api.SourceInfo
com.google.api.SourceInfoOrBuilder
com.google.api.SourceInfoProto
com.google.api.SystemParameter$1
com.google.api.SystemParameter$Builder
com.google.api.SystemParameter
com.google.api.SystemParameterOrBuilder
com.google.api.SystemParameterProto
com.google.api.SystemParameterRule$1
com.google.api.SystemParameterRule$Builder
com.google.api.SystemParameterRule
com.google.api.SystemParameterRuleOrBuilder
com.google.api.SystemParameters$1
com.google.api.SystemParameters$Builder
com.google.api.SystemParameters
com.google.api.SystemParametersOrBuilder
com.google.api.Usage$1
com.google.api.Usage$Builder
com.google.api.Usage
com.google.api.UsageOrBuilder
com.google.api.UsageProto
com.google.api.UsageRule$1
com.google.api.UsageRule$Builder
com.google.api.UsageRule
com.google.api.UsageRuleOrBuilder
com.google.apphosting.datastore.testing.DatastoreTestTrace$1
com.google.apphosting.datastore.testing.DatastoreTestTrace$DatastoreAction$ActionCase
com.google.apphosting.datastore.testing.DatastoreTestTrace$DatastoreAction$Builder
com.google.apphosting.datastore.testing.DatastoreTestTrace$DatastoreAction
com.google.apphosting.datastore.testing.DatastoreTestTrace$DatastoreActionOrBuilder
com.google.apphosting.datastore.testing.DatastoreTestTrace$FirestoreV1Action$ActionCase
com.google.apphosting.datastore.testing.DatastoreTestTrace$FirestoreV1Action$BatchGetDocuments$Builder
com.google.apphosting.datastore.testing.DatastoreTestTrace$FirestoreV1Action$BatchGetDocuments
com.google.apphosting.datastore.testing.DatastoreTestTrace$FirestoreV1Action$BatchGetDocumentsOrBuilder
com.google.apphosting.datastore.testing.DatastoreTestTrace$FirestoreV1Action$BeginTransaction$Builder
com.google.apphosting.datastore.testing.DatastoreTestTrace$FirestoreV1Action$BeginTransaction
com.google.apphosting.datastore.testing.DatastoreTestTrace$FirestoreV1Action$BeginTransactionOrBuilder
com.google.apphosting.datastore.testing.DatastoreTestTrace$FirestoreV1Action$Builder
com.google.apphosting.datastore.testing.DatastoreTestTrace$FirestoreV1Action$Commit$Builder
com.google.apphosting.datastore.testing.DatastoreTestTrace$FirestoreV1Action$Commit
com.google.apphosting.datastore.testing.DatastoreTestTrace$FirestoreV1Action$CommitOrBuilder
com.google.apphosting.datastore.testing.DatastoreTestTrace$FirestoreV1Action$CreateDocument$Builder
com.google.apphosting.datastore.testing.DatastoreTestTrace$FirestoreV1Action$CreateDocument
com.google.apphosting.datastore.testing.DatastoreTestTrace$FirestoreV1Action$CreateDocumentOrBuilder
com.google.apphosting.datastore.testing.DatastoreTestTrace$FirestoreV1Action$DeleteDocument$Builder
com.google.apphosting.datastore.testing.DatastoreTestTrace$FirestoreV1Action$DeleteDocument
com.google.apphosting.datastore.testing.DatastoreTestTrace$FirestoreV1Action$DeleteDocumentOrBuilder
com.google.apphosting.datastore.testing.DatastoreTestTrace$FirestoreV1Action$GetDocument$Builder
com.google.apphosting.datastore.testing.DatastoreTestTrace$FirestoreV1Action$GetDocument
com.google.apphosting.datastore.testing.DatastoreTestTrace$FirestoreV1Action$GetDocumentOrBuilder
com.google.apphosting.datastore.testing.DatastoreTestTrace$FirestoreV1Action$ListCollectionIds$Builder
com.google.apphosting.datastore.testing.DatastoreTestTrace$FirestoreV1Action$ListCollectionIds